mode: set
github.com/Logiraptor/chickenLISP/main.go:23.20,27.2 1 1
github.com/Logiraptor/chickenLISP/main.go:29.51,32.22 3 1
github.com/Logiraptor/chickenLISP/main.go:35.2,35.10 1 1
github.com/Logiraptor/chickenLISP/main.go:32.22,34.3 1 1
github.com/Logiraptor/chickenLISP/main.go:38.46,39.31 1 1
github.com/Logiraptor/chickenLISP/main.go:39.31,41.3 1 1
github.com/Logiraptor/chickenLISP/main.go:41.4,41.27 1 1
github.com/Logiraptor/chickenLISP/main.go:41.27,43.3 1 1
github.com/Logiraptor/chickenLISP/main.go:43.4,45.3 1 0
github.com/Logiraptor/chickenLISP/main.go:70.13,71.51 1 1
github.com/Logiraptor/chickenLISP/main.go:78.2,78.51 1 1
github.com/Logiraptor/chickenLISP/main.go:85.2,85.51 1 1
github.com/Logiraptor/chickenLISP/main.go:92.2,92.51 1 1
github.com/Logiraptor/chickenLISP/main.go:99.2,99.51 1 1
github.com/Logiraptor/chickenLISP/main.go:106.2,106.53 1 1
github.com/Logiraptor/chickenLISP/main.go:109.2,109.53 1 1
github.com/Logiraptor/chickenLISP/main.go:112.2,112.54 1 1
github.com/Logiraptor/chickenLISP/main.go:115.2,115.54 1 1
github.com/Logiraptor/chickenLISP/main.go:118.2,119.16 2 1
github.com/Logiraptor/chickenLISP/main.go:124.2,125.16 2 1
github.com/Logiraptor/chickenLISP/main.go:71.51,73.23 2 0
github.com/Logiraptor/chickenLISP/main.go:76.3,76.13 1 0
github.com/Logiraptor/chickenLISP/main.go:73.23,75.4 1 0
github.com/Logiraptor/chickenLISP/main.go:78.51,80.23 2 1
github.com/Logiraptor/chickenLISP/main.go:83.3,83.17 1 1
github.com/Logiraptor/chickenLISP/main.go:80.23,82.4 1 1
github.com/Logiraptor/chickenLISP/main.go:85.51,87.27 2 0
github.com/Logiraptor/chickenLISP/main.go:90.3,90.18 1 0
github.com/Logiraptor/chickenLISP/main.go:87.27,89.4 1 0
github.com/Logiraptor/chickenLISP/main.go:92.51,94.27 2 1
github.com/Logiraptor/chickenLISP/main.go:97.3,97.20 1 1
github.com/Logiraptor/chickenLISP/main.go:94.27,96.4 1 1
github.com/Logiraptor/chickenLISP/main.go:99.51,100.37 1 1
github.com/Logiraptor/chickenLISP/main.go:100.37,102.4 1 1
github.com/Logiraptor/chickenLISP/main.go:102.5,104.4 1 1
github.com/Logiraptor/chickenLISP/main.go:106.53,108.3 1 0
github.com/Logiraptor/chickenLISP/main.go:109.53,111.3 1 0
github.com/Logiraptor/chickenLISP/main.go:112.54,114.3 1 0
github.com/Logiraptor/chickenLISP/main.go:115.54,117.3 1 0
github.com/Logiraptor/chickenLISP/main.go:119.16,122.3 2 0
github.com/Logiraptor/chickenLISP/main.go:125.16,128.3 2 0
github.com/Logiraptor/chickenLISP/main.go:133.13,135.16 2 0
github.com/Logiraptor/chickenLISP/main.go:140.2,142.23 3 0
github.com/Logiraptor/chickenLISP/main.go:135.16,138.3 2 0
github.com/Logiraptor/chickenLISP/main.go:142.23,144.15 2 0
github.com/Logiraptor/chickenLISP/main.go:144.15,146.4 1 0
github.com/Logiraptor/chickenLISP/main.go:150.32,151.6 1 1
github.com/Logiraptor/chickenLISP/main.go:151.6,152.19 1 1
github.com/Logiraptor/chickenLISP/main.go:153.3,154.12 1 1
github.com/Logiraptor/chickenLISP/main.go:155.3,157.23 2 1
github.com/Logiraptor/chickenLISP/main.go:158.3,160.16 2 1
github.com/Logiraptor/chickenLISP/main.go:197.3,198.43 1 0
github.com/Logiraptor/chickenLISP/main.go:161.4,162.16 1 0
github.com/Logiraptor/chickenLISP/main.go:163.4,165.29 2 1
github.com/Logiraptor/chickenLISP/main.go:170.4,173.15 3 0
github.com/Logiraptor/chickenLISP/main.go:174.4,177.15 3 1
github.com/Logiraptor/chickenLISP/main.go:178.4,180.38 2 1
github.com/Logiraptor/chickenLISP/main.go:183.4,185.31 2 0
github.com/Logiraptor/chickenLISP/main.go:188.5,188.15 1 0
github.com/Logiraptor/chickenLISP/main.go:189.4,191.27 2 1
github.com/Logiraptor/chickenLISP/main.go:194.5,195.26 2 1
github.com/Logiraptor/chickenLISP/main.go:165.29,167.6 1 1
github.com/Logiraptor/chickenLISP/main.go:167.7,169.6 1 1
github.com/Logiraptor/chickenLISP/main.go:180.38,182.6 1 1
github.com/Logiraptor/chickenLISP/main.go:185.31,187.6 1 0
github.com/Logiraptor/chickenLISP/main.go:191.27,193.6 1 1
github.com/Logiraptor/chickenLISP/main.go:204.53,205.35 1 0
github.com/Logiraptor/chickenLISP/main.go:208.2,208.12 1 0
github.com/Logiraptor/chickenLISP/main.go:205.35,207.3 1 0
github.com/Logiraptor/chickenLISP/main.go:211.39,212.16 1 1
github.com/Logiraptor/chickenLISP/main.go:213.2,215.17 2 1
github.com/Logiraptor/chickenLISP/main.go:218.3,218.21 1 1
github.com/Logiraptor/chickenLISP/main.go:219.2,220.32 1 1
github.com/Logiraptor/chickenLISP/main.go:221.2,223.48 2 1
github.com/Logiraptor/chickenLISP/main.go:226.3,226.14 1 1
github.com/Logiraptor/chickenLISP/main.go:227.2,229.52 2 0
github.com/Logiraptor/chickenLISP/main.go:215.17,217.4 1 0
github.com/Logiraptor/chickenLISP/main.go:223.48,225.4 1 1
